(c) Copyright IBM Corporation 1993,2007
Command Line Processor for DB2 Client 11.5.8.0

You can issue database manager commands and SQL statements from the command 
prompt. For example:
    db2 => connect to sample
    db2 => bind sample.bnd

For general help, type: ?.
For command help, type: ? command, where command can be
the first few keywords of a database manager command. For example:
 ? CATALOG DATABASE for help on the CATALOG DATABASE command
 ? CATALOG          for help on all of the CATALOG commands.

To exit db2 interactive mode, type QUIT at the command prompt. Outside 
interactive mode, all commands must be prefixed with 'db2'.
To list the current command option settings, type LIST COMMAND OPTIONS.

For more detailed help, refer to the Online Reference Manual.

db2 => db2 => db2 => db2 => db2 => CONNECT TO COMP421

   Database Connection Information

 Database server        = DB2/LINUXX8664 11.5.8.0
 SQL authorization ID   = CS421G11...
 Local database alias   = COMP421


db2 => db2 => db2 => db2 => db2 => db2 => DROP TABLE Users
DB20000I  The SQL command completed successfully.

db2 => DROP TABLE Registered
DB20000I  The SQL command completed successfully.

db2 => DROP TABLE FlightBooking
DB20000I  The SQL command completed successfully.

db2 => DROP TABLE Flights
DB20000I  The SQL command completed successfully.

db2 => DROP TABLE HotelBooking
DB20000I  The SQL command completed successfully.

db2 => DROP TABLE Hotel
DB20000I  The SQL command completed successfully.

db2 => DROP TABLE Cities
DB20000I  The SQL command completed successfully.

db2 => DROP TABLE CarRentalBooking
DB20000I  The SQL command completed successfully.

db2 => DROP TABLE Car
DB20000I  The SQL command completed successfully.

db2 => DROP TABLE Room
DB20000I  The SQL command completed successfully.

db2 => DROP TABLE Route
DB20000I  The SQL command completed successfully.

db2 => DROP TABLE ArrivalCity
DB20000I  The SQL command completed successfully.

db2 => DROP TABLE DepartureCity
DB20000I  The SQL command completed successfully.

db2 => 